  Box2.cpp
  BoxObject.cpp
  Bullet2.cpp
  BulletObject.cpp
  Button.cpp
E:\git\Tenguy\Scene porject\GameFramework\Button.cpp(22,107): warning C4267: '인수': 'size_t'에서 'int'(으)로 변환하면서 데이터가 손실될 수 있습니다.
E:\git\Tenguy\Scene porject\GameFramework\Button.cpp(22,66): warning C4244: '인수': 'float'에서 'int'(으)로 변환하면서 데이터가 손실될 수 있습니다.
E:\git\Tenguy\Scene porject\GameFramework\Button.cpp(22,29): warning C4244: '인수': 'float'에서 'int'(으)로 변환하면서 데이터가 손실될 수 있습니다.
  CScene.cpp
  CSceneManager.cpp
  CStage1.cpp
  CStage2.cpp
  CTitleScene.cpp
  GameFramework.cpp
  KeyManager.cpp
  MainGame.cpp
E:\git\Tenguy\Scene porject\GameFramework\MainGame.cpp(71,18): warning C4244: '초기화 중': 'double'에서 'float'(으)로 변환하면서 데이터가 손실될 수 있습니다.
  Object.cpp
E:\git\Tenguy\Scene porject\GameFramework\Object.cpp(36,15): warning C4244: '인수': 'float'에서 'int'(으)로 변환하면서 데이터가 손실될 수 있습니다.
E:\git\Tenguy\Scene porject\GameFramework\Object.cpp(35,15): warning C4244: '인수': 'float'에서 'int'(으)로 변환하면서 데이터가 손실될 수 있습니다.
E:\git\Tenguy\Scene porject\GameFramework\Object.cpp(34,15): warning C4244: '인수': 'float'에서 'int'(으)로 변환하면서 데이터가 손실될 수 있습니다.
E:\git\Tenguy\Scene porject\GameFramework\Object.cpp(33,15): warning C4244: '인수': 'float'에서 'int'(으)로 변환하면서 데이터가 손실될 수 있습니다.
E:\git\Tenguy\Scene porject\GameFramework\Object.cpp(44,15): warning C4244: '인수': 'float'에서 'int'(으)로 변환하면서 데이터가 손실될 수 있습니다.
E:\git\Tenguy\Scene porject\GameFramework\Object.cpp(43,15): warning C4244: '인수': 'float'에서 'int'(으)로 변환하면서 데이터가 손실될 수 있습니다.
E:\git\Tenguy\Scene porject\GameFramework\Object.cpp(42,15): warning C4244: '인수': 'float'에서 'int'(으)로 변환하면서 데이터가 손실될 수 있습니다.
E:\git\Tenguy\Scene porject\GameFramework\Object.cpp(41,15): warning C4244: '인수': 'float'에서 'int'(으)로 변환하면서 데이터가 손실될 수 있습니다.
  ObjectManager.cpp
E:\git\Tenguy\Scene porject\GameFramework\ObjectManager.cpp(49,64): warning C4244: '인수': 'float'에서 'int'(으)로 변환하면서 데이터가 손실될 수 있습니다.
E:\git\Tenguy\Scene porject\GameFramework\ObjectManager.cpp(49,39): warning C4244: '인수': 'float'에서 'int'(으)로 변환하면서 데이터가 손실될 수 있습니다.
  Player.cpp
  TimerManager.cpp
  UI.cpp
  UIManager.cpp
  코드를 생성하고 있습니다...
  GameFramework.vcxproj -> E:\git\Tenguy\Scene porject\x64\Debug\GameFramework.exe
